<?xml version="1.0" encoding="UTF-8"?>
<testng-results skipped="0" failed="0" ignored="0" total="1" passed="1">
  <reporter-output>
  </reporter-output>
  <suite name="Default suite" duration-ms="2810" started-at="2017-05-06T12:53:08Z" finished-at="2017-05-06T12:53:11Z">
    <groups>
    </groups>
    <test name="Default test" duration-ms="2810" started-at="2017-05-06T12:53:08Z" finished-at="2017-05-06T12:53:11Z">
      <class name="scrmpro.testcases.com.LoginTestCases">
        <test-method status="PASS" signature="launchBrowser()[pri:0, instance:scrmpro.testcases.com.LoginTestCases@64047668]" name="launchBrowser" is-config="true" duration-ms="8935" started-at="2017-05-06T18:22:59Z" finished-at="2017-05-06T18:23:08Z">
          <reporter-output>
          </reporter-output>
        </test-method> <!-- launchBrowser -->
        <test-method status="PASS" signature="validLogin()[pri:0, instance:scrmpro.testcases.com.LoginTestCases@64047668]" name="validLogin" duration-ms="2791" started-at="2017-05-06T18:23:08Z" finished-at="2017-05-06T18:23:11Z">
          <reporter-output>
          </reporter-output>
        </test-method> <!-- validLogin -->
      </class> <!-- scrmpro.testcases.com.LoginTestCases -->
    </test> <!-- Default test -->
  </suite> <!-- Default suite -->
</testng-results>
